*Fit parameters table created by DEEFIT
*09| ntel mf npar alfa   mu  nu  csi  g  lambda  of_s  of_f  chi2
*14| ntel mf npar alfa   mu  nu  lambda csi gap gb cp zl zi ze of_s of_f chi2
*mf=0 2*Z; 1=Charity; 2=EPAX;
 500 1 9 0.42479 0.39133 0.31442 0.41742 24.09472 14.49783 79.61805 153.02712 90.62442 2.20578 2 13 3 5
 501 1 9 0.33366 0.33699 0.25000 0.75441 26.02119 23.56819 170.49372 111.55085 153.05042 3.25182 2 13 3 3
 502 1 9 0.52299 0.28508 0.34244 0.39975 28.81997 13.48112 83.48411 145.13795 155.66843 1.01442 2 13 2 6
 503 1 9 0.70661 0.31382 0.63368 -0.15298 31.26652 2.21660 21.66773 143.69149 172.52885 1.14624 2 12 3 5
 504 1 9 0.38815 0.25735 0.27644 0.97788 32.36678 19.94339 220.55491 146.95519 124.32495 2.28474 2 13 3 3
 505 1 9 0.72578 0.30548 0.58252 -0.08619 29.96336 2.89978 23.64490 151.66722 182.68580 1.39118 2 12 3 4
 507 1 9 0.55869 0.32107 0.43785 0.11816 32.10153 8.98164 48.73590 138.35996 153.93280 1.16198 2 12 3 6
 508 1 9 0.39295 0.33660 0.30657 0.46165 29.14399 15.60668 111.39889 146.99317 107.90189 1.69498 2 13 3 5
 509 1 9 0.95121 0.39047 0.71806 -0.20442 20.52890 2.65971 17.30889 164.81502 173.87621 1.02136 2 12 3 5
 510 1 9 0.44796 0.28266 0.26769 0.65314 25.93298 19.17634 137.69757 147.10754 145.96140 1.99079 2 14 3 4
 511 1 9 1.04956 0.27205 0.72302 -0.18941 22.30106 1.73308 18.91708 152.00743 156.31159 1.71411 2 14 3 7
 513 1 9 0.98993 0.35158 0.76650 -0.22364 14.03488 2.28191 15.73507 150.61303 183.50196 2.04996 2 14 3 7
 515 1 9 0.94717 0.20000 0.58701 -0.10326 18.43458 3.30788 23.46581 137.69108 173.19365 3.08074 2 14 99 99
 517 1 9 1.03175 0.36631 0.84912 -0.29253 10.00000 2.06678 15.99617 166.05790 185.67748 1.82952 2 14 3 7
 518 1 9 0.44592 0.34589 0.27117 0.52667 20.19841 15.97060 92.45624 146.96123 156.15895 1.67183 2 14 3 6
 522 1 9 0.47522 0.32377 0.30910 0.41176 20.65048 8.77959 75.81864 154.97987 118.17857 1.71112 2 13 3 6
 523 1 9 0.48334 0.30851 0.33800 0.31660 21.57320 13.25144 70.59527 145.60661 149.28023 1.69167 2 14 3 5
 524 1 9 0.46844 0.26534 0.25000 0.75860 19.30369 15.94452 131.15699 144.28070 163.05835 3.13520 2 14 3 5
 525 1 9 0.74056 0.38504 0.63803 -0.14882 23.93338 1.83835 15.53804 116.29391 213.84001 0.92092 2 8 3 8
 526 1 9 0.71718 0.36660 0.61166 -0.14006 24.13428 2.26591 17.50556 114.34421 186.82943 1.02796 2 8 3 8
 527 1 9 0.51608 0.20000 0.52944 -0.12088 27.11836 4.76911 48.76701 112.62848 167.84869 1.39954 2 8 99 99
 532 1 9 0.45656 0.35662 0.29913 0.59478 26.16303 14.19977 95.22220 151.01957 69.76420 1.91555 2 13 3 4
 535 1 9 0.48382 0.31361 0.28913 0.50681 24.26574 16.13041 103.84170 143.72039 120.43027 2.56277 2 13 3 5
 536 1 9 0.83038 0.20000 0.58647 -0.10285 31.64327 2.40157 30.95673 127.66298 173.71885 4.66116 2 12 99 99
 537 1 9 0.95722 0.38150 0.76042 -0.21306 21.82118 2.69463 19.82483 164.16778 171.09659 1.53905 2 14 3 6
 538 1 9 1.01216 0.23082 0.64061 -0.11328 26.89576 2.95901 25.45384 135.58946 159.84805 4.02855 2 14 99 99
 539 1 9 0.40952 0.35952 0.30556 0.57247 28.30886 13.77858 103.60940 145.84598 113.32414 2.62780 2 14 3 4
 541 1 9 0.43899 0.23175 0.29132 0.66952 31.30870 22.34871 189.13226 119.51568 150.97625 2.93491 2 14 3 4
 542 1 9 0.45416 0.31170 0.31515 0.58983 29.15426 15.47829 117.27848 154.19447 160.25371 2.03678 2 14 3 6
 546 1 9 0.94245 0.40067 0.65906 -0.14948 13.65376 1.69646 15.11503 171.36512 153.11938 1.14970 2 13 3 7
 547 1 9 0.79304 0.38224 0.60642 -0.12482 19.94017 1.53978 15.59326 138.18154 179.77254 1.01713 2 13 4 6
 548 1 9 0.90470 0.36877 0.66915 -0.14152 15.52207 1.99023 19.05819 124.73122 152.16660 3.68358 2 13 3 6
 549 1 9 0.69036 0.29138 0.56196 -0.11948 21.60691 1.69219 22.13990 153.39275 145.52614 1.81021 2 12 99 99
 551 1 9 0.40556 0.26385 0.25056 0.76394 21.95572 17.15324 166.41951 155.82874 105.50493 3.24616 2 14 99 99
 553 1 9 0.89356 0.34905 0.63244 -0.11416 12.76778 1.01817 11.51477 142.53554 165.59069 1.48325 2 12 4 7
 555 1 9 0.83372 0.31170 0.58900 -0.11025 19.00084 4.25792 19.95890 145.13355 207.13909 1.43412 2 13 3 6
 558 1 9 0.69421 0.34290 0.54107 -0.06305 20.91167 2.93910 19.88629 123.76333 182.83457 3.22760 2 13 4 6
 559 1 9 0.50059 0.28776 0.30123 0.45975 19.67873 9.45686 82.46599 151.16292 120.76446 1.98618 2 12 3 4
 561 1 9 0.51380 0.33974 0.31606 0.37923 23.58744 9.50537 75.17818 118.15151 177.74389 3.40799 2 13 3 5
 564 1 9 0.70893 0.20000 0.61265 -0.12307 38.32730 2.24436 29.11232 91.86097 202.16339 3.76364 2 12 99 99
 565 1 9 0.45787 0.54970 0.72556 -0.13260 53.76077 1.68523 16.68503 94.99504 192.69783 5.22983 2 11 99 99
 566 1 9 0.88478 0.36094 0.61961 -0.09747 27.85009 1.75903 19.09070 96.94321 190.04965 2.84372 2 12 99 99
 570 1 9 0.62968 0.34388 0.55536 -0.10137 28.09372 1.86776 24.30256 92.08569 173.87831 2.03378 2 12 3 6
 571 1 9 0.42163 0.32418 0.29957 0.39585 26.17448 13.76929 101.66140 93.84106 157.58238 2.94016 2 12 3 5
 572 1 9 0.51883 0.21416 0.25001 0.64029 23.25368 13.54614 146.65884 84.43266 124.03363 3.71873 2 13 3 4
 573 1 9 1.01881 0.43473 0.78195 2.00000 392.09309 2.92386 18.24671 118.10797 185.83032 6.83690 2 10 99 99
 574 1 9 0.69534 0.20229 0.49692 -0.08266 24.44978 3.55974 33.64429 107.66864 186.21221 3.50657 2 10 99 99
 575 1 9 0.59499 0.20000 0.35233 0.13739 24.94515 11.15669 65.28715 106.01447 185.68269 2.38978 2 10 99 99
 576 1 9 0.95605 0.20000 0.56797 -0.10833 16.46442 3.08839 21.15005 84.27888 143.47311 5.77348 2 13 99 99
 579 1 9 0.73069 0.37312 0.56333 -0.07943 21.36654 1.95188 18.87124 95.86616 181.67053 3.00722 2 13 3 6
 580 1 9 0.73483 0.34634 0.54706 -0.07781 19.23586 2.82543 19.69001 103.33303 153.01565 3.04224 2 12 3 6
 581 1 9 0.66025 0.21122 0.71912 -0.14795 38.29179 6.61082 35.56999 96.43988 177.93708 3.47772 2 11 4 5
 583 1 9 0.98331 0.37291 0.66128 -0.15546 10.87679 1.59902 12.71076 104.25222 177.96444 3.34234 2 13 4 5
 584 1 9 0.89127 0.35618 0.64625 -0.13471 19.96737 2.38062 16.30002 99.10892 215.95815 2.09676 2 12 3 6
 585 1 9 0.46394 0.35037 0.29324 0.43911 20.96057 8.79853 72.66328 93.85064 143.59885 2.69102 2 12 3 4
 587 1 9 0.86138 0.37386 0.64489 -0.13167 22.44366 2.35602 17.91112 114.91633 199.88841 2.49432 2 12 3 6
 590 1 9 0.88157 0.29622 0.60922 -0.09500 20.12464 2.81127 19.29877 91.17632 201.32000 3.89203 2 12 3 5


